autoscan: warning: missing AC_CHECK_FUNCS([memset]) wanted by: 
	sbc/sbc.c:628
	sbc/sbc.c:987
	sbc/sbc.c:1041
	sbc/sbc.c:1050
	sbc/sbc.c:1064
	sbc/sbc.c:1073
	sbc/sbc.c:1381
	sbc/sbc.c:1500
	src/sbctester.c:99
	src/sbctester.c:100
	src/sbctester.c:185
	src/sbctester.c:186
	src/sbctester.c:187
	src/sbctester.c:188
	src/sbctester.c:189
autoscan: warning: missing AC_CHECK_FUNCS([pow]) wanted by: 
	src/sbctester.c:65
	src/sbctester.c:82
	src/sbctester.c:82
	src/sbctester.c:136
	src/sbctester.c:178
autoscan: warning: missing AC_CHECK_FUNCS([sqrt]) wanted by: 
	src/sbctester.c:151
autoscan: warning: missing AC_CHECK_FUNCS([strdup]) wanted by: 
	src/sbcdec.c:275
	src/sbcdec.c:281
autoscan: warning: missing AC_CHECK_FUNCS([strerror]) wanted by: 
	src/sbcdec.c:61
	src/sbcdec.c:69
	src/sbcdec.c:76
	src/sbcdec.c:82
	src/sbcdec.c:99
	src/sbcdec.c:159
	src/sbcdec.c:165
	src/sbcdec.c:171
	src/sbcenc.c:68
	src/sbcenc.c:78
autoscan: warning: missing AC_CHECK_HEADERS([fcntl.h]) wanted by: 
	src/sbcdec.c:32
	src/sbcenc.c:32
	src/sbcinfo.c:32
autoscan: warning: missing AC_CHECK_HEADERS([limits.h]) wanted by: 
	sbc/sbc.c:38
	sbc/sbc_primitives.c:29
	sbc/sbc_primitives_armv6.c:28
	sbc/sbc_primitives_iwmmxt.c:29
	sbc/sbc_primitives_mmx.c:28
	sbc/sbc_primitives_neon.c:28
autoscan: warning: missing AC_CHECK_HEADERS([stdint.h]) wanted by: 
	sbc/sbc.h:35
	sbc/sbc_primitives.c:28
	sbc/sbc_primitives_armv6.c:27
	sbc/sbc_primitives_iwmmxt.c:28
	sbc/sbc_primitives_mmx.c:27
	sbc/sbc_primitives_neon.c:27
	src/sbcenc.c:36
	src/sbcinfo.c:36
autoscan: warning: missing AC_CHECK_HEADERS([stdlib.h]) wanted by: 
	sbc/sbc.c:35
	src/sbcdec.c:34
	src/sbcenc.c:34
	src/sbcinfo.c:34
	src/sbctester.c:31
autoscan: warning: missing AC_CHECK_HEADERS([string.h]) wanted by: 
	sbc/sbc.c:34
	sbc/sbc_primitives.c:30
	src/sbcdec.c:36
	src/sbcenc.c:37
	src/sbcinfo.c:37
	src/sbctester.c:34
autoscan: warning: missing AC_CHECK_HEADERS([sys/ioctl.h]) wanted by: 
	src/sbcdec.c:39
autoscan: warning: missing AC_CHECK_HEADERS([unistd.h]) wanted by: 
	src/sbcdec.c:33
	src/sbcenc.c:33
	src/sbcinfo.c:33
autoscan: warning: missing AC_CHECK_HEADER_STDBOOL wanted by: 
	sbc/sbc.c:984
	sbc/sbc.c:998
	sbc/sbc.c:999
	src/sbcdec.c:49
	src/sbcdec.c:256
	src/sbcenc.c:50
	src/sbcenc.c:260
	src/sbcinfo.c:179
	src/sbcdec.c:256
	src/sbcenc.c:260
	src/sbcinfo.c:196
	sbc/sbc.c:1076
	sbc/sbc.c:1227
	sbc/sbc.c:1315
	src/sbcdec.c:270
	src/sbcenc.c:274
	src/sbcinfo.c:198
autoscan: warning: missing AC_C_INLINE wanted by: 
	sbc/sbc.c:646
	sbc/sbc.c:688
	sbc/sbc_primitives.c:60
	sbc/sbc_primitives.c:118
	sbc/sbc_primitives.c:187
	sbc/sbc_primitives.c:200
	sbc/sbc_primitives.c:213
	sbc/sbc_primitives.c:216
	sbc/sbc_primitives.c:223
	sbc/sbc_primitives.c:230
	sbc/sbc_primitives.c:235
	sbc/sbc_primitives.c:483
	sbc/sbc_primitives_armv6.c:294
	sbc/sbc_primitives_armv6.c:297
	sbc/sbc_primitives_armv6.c:304
	sbc/sbc_primitives_iwmmxt.c:42
	sbc/sbc_primitives_iwmmxt.c:115
	sbc/sbc_primitives_iwmmxt.c:271
	sbc/sbc_primitives_iwmmxt.c:284
	sbc/sbc_primitives_iwmmxt.c:297
	sbc/sbc_primitives_iwmmxt.c:300
	sbc/sbc_primitives_iwmmxt.c:307
	sbc/sbc_primitives_mmx.c:41
	sbc/sbc_primitives_mmx.c:107
	sbc/sbc_primitives_mmx.c:249
	sbc/sbc_primitives_mmx.c:264
	sbc/sbc_primitives_mmx.c:279
	sbc/sbc_primitives_mmx.c:282
	sbc/sbc_primitives_mmx.c:291
	sbc/sbc_primitives_neon.c:41
	sbc/sbc_primitives_neon.c:101
	sbc/sbc_primitives_neon.c:214
	sbc/sbc_primitives_neon.c:227
autoscan: warning: missing AC_FUNC_MALLOC wanted by: 
	sbc/sbc.c:1043
	sbc/sbc.c:1066
	src/sbcdec.c:65
autoscan: warning: missing AC_TYPE_INT16_T wanted by: 
	sbc/sbc.c:137
	sbc/sbc.c:636
	sbc/sbc.c:763
	sbc/sbc.c:1261
	sbc/sbc.c:1287
	sbc/sbc_primitives.c:60
	sbc/sbc_primitives.c:118
	sbc/sbc_primitives.c:188
	sbc/sbc_primitives.c:201
	sbc/sbc_primitives.c:214
	sbc/sbc_primitives.c:217
	sbc/sbc_primitives.c:224
	sbc/sbc_primitives.c:230
	sbc/sbc_primitives.c:232
	sbc/sbc_primitives.c:235
	sbc/sbc_primitives.c:237
	sbc/sbc_primitives.c:249
	sbc/sbc_primitives.c:256
	sbc/sbc_primitives.c:259
	sbc/sbc_primitives.c:270
	sbc/sbc_primitives.c:281
	sbc/sbc_primitives.c:300
	sbc/sbc_primitives.c:307
	sbc/sbc_primitives.c:310
	sbc/sbc_primitives.c:321
	sbc/sbc_primitives.c:332
	sbc/sbc_primitives.c:350
	sbc/sbc_primitives.c:369
	sbc/sbc_primitives.c:394
	sbc/sbc_primitives.c:405
	sbc/sbc_primitives.c:434
	sbc/sbc_primitives.c:446
	sbc/sbc_primitives.c:458
	sbc/sbc_primitives.c:470
	sbc/sbc_primitives.h:43
	sbc/sbc_primitives.h:47
	sbc/sbc_primitives.h:51
	sbc/sbc_primitives.h:55
	sbc/sbc_primitives.h:58
	sbc/sbc_primitives.h:61
	sbc/sbc_primitives.h:64
	sbc/sbc_primitives_armv6.c:109
	sbc/sbc_primitives_armv6.c:265
	sbc/sbc_primitives_armv6.c:269
	sbc/sbc_primitives_armv6.c:282
	sbc/sbc_primitives_armv6.c:295
	sbc/sbc_primitives_armv6.c:298
	sbc/sbc_primitives_armv6.c:305
	sbc/sbc_primitives_iwmmxt.c:42
	sbc/sbc_primitives_iwmmxt.c:115
	sbc/sbc_primitives_iwmmxt.c:272
	sbc/sbc_primitives_iwmmxt.c:285
	sbc/sbc_primitives_iwmmxt.c:298
	sbc/sbc_primitives_iwmmxt.c:301
	sbc/sbc_primitives_iwmmxt.c:308
	sbc/sbc_primitives_mmx.c:41
	sbc/sbc_primitives_mmx.c:107
	sbc/sbc_primitives_mmx.c:250
	sbc/sbc_primitives_mmx.c:265
	sbc/sbc_primitives_mmx.c:280
	sbc/sbc_primitives_mmx.c:283
	sbc/sbc_primitives_mmx.c:292
	sbc/sbc_primitives_neon.c:41
	sbc/sbc_primitives_neon.c:101
	sbc/sbc_primitives_neon.c:215
	sbc/sbc_primitives_neon.c:228
	sbc/sbc_primitives_neon.c:549
	sbc/sbc_primitives_neon.c:562
	sbc/sbc_primitives_neon.c:563
	sbc/sbc_primitives_neon.c:595
	sbc/sbc_primitives_neon.c:596
	sbc/sbc_primitives_neon.c:629
	sbc/sbc_primitives_neon.c:630
	sbc/sbc_primitives_neon.c:660
	sbc/sbc_primitives_neon.c:687
	sbc/sbc_primitives_neon.c:704
	sbc/sbc_primitives_neon.c:705
	sbc/sbc_primitives_neon.c:745
	sbc/sbc_primitives_neon.c:746
	sbc/sbc_primitives_neon.c:783
	sbc/sbc_primitives_neon.c:784
	sbc/sbc_primitives_neon.c:818
	sbc/sbc_primitives_neon.c:849
	sbc/sbc_primitives_neon.c:857
	sbc/sbc_primitives_neon.c:865
	sbc/sbc_primitives_neon.c:873
autoscan: warning: missing AC_TYPE_INT32_T wanted by: 
	sbc/sbc.c:131
	sbc/sbc.c:134
	sbc/sbc.c:142
	sbc/sbc.c:431
	sbc/sbc.c:511
	sbc/sbc.c:636
	sbc/sbc.c:650
	sbc/sbc_math.h:31
	sbc/sbc_math.h:31
	sbc/sbc_math.h:42
	sbc/sbc_primitives.c:60
	sbc/sbc_primitives.c:118
	sbc/sbc_primitives.c:188
	sbc/sbc_primitives.c:201
	sbc/sbc_primitives.c:214
	sbc/sbc_primitives.c:217
	sbc/sbc_primitives.c:224
	sbc/sbc_primitives.c:500
	sbc/sbc_primitives.c:509
	sbc/sbc_primitives.c:520
	sbc/sbc_primitives.c:525
	sbc/sbc_primitives.c:545
	sbc/sbc_primitives.h:47
	sbc/sbc_primitives.h:51
	sbc/sbc_primitives.h:67
	sbc/sbc_primitives.h:71
	sbc/sbc_primitives_armv6.c:109
	sbc/sbc_primitives_armv6.c:265
	sbc/sbc_primitives_armv6.c:269
	sbc/sbc_primitives_armv6.c:282
	sbc/sbc_primitives_armv6.c:295
	sbc/sbc_primitives_armv6.c:298
	sbc/sbc_primitives_armv6.c:305
	sbc/sbc_primitives_iwmmxt.c:42
	sbc/sbc_primitives_iwmmxt.c:115
	sbc/sbc_primitives_iwmmxt.c:272
	sbc/sbc_primitives_iwmmxt.c:285
	sbc/sbc_primitives_iwmmxt.c:298
	sbc/sbc_primitives_iwmmxt.c:301
	sbc/sbc_primitives_iwmmxt.c:308
	sbc/sbc_primitives_mmx.c:41
	sbc/sbc_primitives_mmx.c:44
	sbc/sbc_primitives_mmx.c:107
	sbc/sbc_primitives_mmx.c:110
	sbc/sbc_primitives_mmx.c:250
	sbc/sbc_primitives_mmx.c:265
	sbc/sbc_primitives_mmx.c:280
	sbc/sbc_primitives_mmx.c:283
	sbc/sbc_primitives_mmx.c:292
	sbc/sbc_primitives_mmx.c:301
	sbc/sbc_primitives_mmx.c:305
	sbc/sbc_primitives_neon.c:41
	sbc/sbc_primitives_neon.c:101
	sbc/sbc_primitives_neon.c:215
	sbc/sbc_primitives_neon.c:228
	sbc/sbc_primitives_neon.c:241
	sbc/sbc_primitives_neon.c:249
	sbc/sbc_primitives_neon.c:293
	sbc/sbc_primitives_neon.c:297
	sbc/sbc_primitives_neon.c:301
	sbc/sbc_primitives_neon.c:302
	sbc/sbc_primitives_neon.c:305
	sbc/sbc_tables.h:51
	sbc/sbc_tables.h:59
	sbc/sbc_tables.h:67
	sbc/sbc_tables.h:80
	sbc/sbc_tables.h:93
	sbc/sbc_tables.h:104
autoscan: warning: missing AC_TYPE_SIZE_T wanted by: 
	sbc/sbc.c:184
	sbc/sbc.c:187
	sbc/sbc.c:424
	sbc/sbc.c:540
	sbc/sbc.c:598
	sbc/sbc.c:847
	sbc/sbc.c:931
	sbc/sbc.c:975
	sbc/sbc.c:1004
	sbc/sbc.c:1006
	sbc/sbc.c:1091
	sbc/sbc.c:1177
	sbc/sbc.c:1195
	sbc/sbc.c:1206
	sbc/sbc.c:1211
	sbc/sbc.c:1212
	sbc/sbc.c:1212
	sbc/sbc.c:1256
	sbc/sbc.c:1280
	sbc/sbc.c:1281
	sbc/sbc.c:1384
	sbc/sbc.c:1454
	sbc/sbc.h:89
	sbc/sbc.h:91
	sbc/sbc.h:93
	sbc/sbc.h:96
	sbc/sbc.h:97
	sbc/sbc.h:97
	sbc/sbc.h:100
	sbc/sbc.h:101
	sbc/sbc.h:104
	sbc/sbc.h:110
	src/sbcdec.c:55
	src/sbcinfo.c:153
	src/sbcinfo.c:256
autoscan: warning: missing AC_TYPE_SSIZE_T wanted by: 
	sbc/sbc.c:846
	sbc/sbc.c:931
	sbc/sbc.c:974
	sbc/sbc.c:1206
	sbc/sbc.c:1211
	sbc/sbc.c:1280
	sbc/sbc.c:1281
	sbc/sbc.c:1285
	sbc/sbc.h:93
	sbc/sbc.h:96
	sbc/sbc.h:100
	sbc/sbc.h:101
	src/sbcdec.c:57
	src/sbcdec.c:152
	src/sbcenc.c:55
	src/sbcenc.c:56
	src/sbcenc.c:75
	src/sbcinfo.c:153
	src/sbcinfo.c:155
	src/sbcinfo.c:180
autoscan: warning: missing AC_TYPE_UINT16_T wanted by: 
	sbc/sbc.c:121
	sbc/sbc.c:1416
	sbc/sbc.c:1456
autoscan: warning: missing AC_TYPE_UINT32_T wanted by: 
	sbc/sbc.c:128
	sbc/sbc.c:433
	sbc/sbc.c:437
	sbc/sbc.c:490
	sbc/sbc.c:853
	sbc/sbc.c:854
	sbc/sbc.c:860
	sbc/sbc.c:864
	sbc/sbc.c:865
	sbc/sbc.c:903
	sbc/sbc_primitives.c:483
	sbc/sbc_primitives.c:501
	sbc/sbc_primitives.c:507
	sbc/sbc_primitives.c:521
	sbc/sbc_primitives.c:526
	sbc/sbc_primitives.h:68
	sbc/sbc_primitives.h:72
	sbc/sbc_primitives_mmx.c:302
	sbc/sbc_primitives_neon.c:242
	sbc/sbc_primitives_neon.c:294
	sbc/sbc_primitives_neon.c:303
	sbc/sbc_primitives_neon.c:304
	src/formats.h:49
	src/formats.h:50
	src/formats.h:51
	src/formats.h:52
	src/formats.h:53
	src/formats.h:54
autoscan: warning: missing AC_TYPE_UINT64_T wanted by: 
	sbc/sbc.c:512
	sbc/sbc.c:916
autoscan: warning: missing AC_TYPE_UINT8_T wanted by: 
	sbc/sbc.c:76
	sbc/sbc.c:77
	sbc/sbc.c:78
	sbc/sbc.c:79
	sbc/sbc.c:80
	sbc/sbc.c:81
	sbc/sbc.c:82
	sbc/sbc.c:88
	sbc/sbc.c:89
	sbc/sbc.c:90
	sbc/sbc.c:91
	sbc/sbc.c:92
	sbc/sbc.c:93
	sbc/sbc.c:94
	sbc/sbc.c:104
	sbc/sbc.c:105
	sbc/sbc.c:106
	sbc/sbc.c:113
	sbc/sbc.c:118
	sbc/sbc.c:119
	sbc/sbc.c:120
	sbc/sbc.c:122
	sbc/sbc.c:125
	sbc/sbc.c:149
	sbc/sbc.c:184
	sbc/sbc.c:184
	sbc/sbc.c:186
	sbc/sbc.c:188
	sbc/sbc.c:213
	sbc/sbc.c:423
	sbc/sbc.c:429
	sbc/sbc.c:539
	sbc/sbc.c:597
	sbc/sbc.c:811
	sbc/sbc.c:814
	sbc/sbc.c:823
	sbc/sbc.c:827
	sbc/sbc.c:846
	sbc/sbc.c:852
	sbc/sbc.c:857
	sbc/sbc.c:931
	sbc/sbc.c:974
	sbc/sbc.c:1003
	sbc/sbc.c:1005
	sbc/sbc.c:1287
	sbc/sbc.c:1347
	sbc/sbc.c:1387
	sbc/sbc.c:1415
	sbc/sbc.h:71
	sbc/sbc.h:72
	sbc/sbc.h:73
	sbc/sbc.h:74
	sbc/sbc.h:75
	sbc/sbc.h:76
	sbc/sbc.h:77
	sbc/sbc_primitives.c:230
	sbc/sbc_primitives.c:235
	sbc/sbc_primitives.c:249
	sbc/sbc_primitives.c:300
	sbc/sbc_primitives.c:434
	sbc/sbc_primitives.c:446
	sbc/sbc_primitives.c:458
	sbc/sbc_primitives.c:470
	sbc/sbc_primitives.h:42
	sbc/sbc_primitives.h:55
	sbc/sbc_primitives.h:58
	sbc/sbc_primitives.h:61
	sbc/sbc_primitives.h:64
	sbc/sbc_primitives_neon.c:549
	sbc/sbc_primitives_neon.c:552
	sbc/sbc_primitives_neon.c:556
	sbc/sbc_primitives_neon.c:687
	sbc/sbc_primitives_neon.c:690
	sbc/sbc_primitives_neon.c:696
	sbc/sbc_primitives_neon.c:848
	sbc/sbc_primitives_neon.c:856
	sbc/sbc_primitives_neon.c:864
	sbc/sbc_primitives_neon.c:872
	src/sbcinfo.c:42
	src/sbcinfo.c:43
	src/sbcinfo.c:44
	src/sbcinfo.c:45
	src/sbcinfo.c:46
	src/sbcinfo.c:47
	src/sbcinfo.c:48
	src/sbcinfo.c:49
	src/sbcinfo.c:53
	src/sbcinfo.c:54
	src/sbcinfo.c:55
	src/sbcinfo.c:56
	src/sbcinfo.c:57
	src/sbcinfo.c:58
	src/sbcinfo.c:59
	src/sbcinfo.c:60
	src/sbcinfo.c:121
	src/sbcinfo.c:137
